<?xml version="1.0" encoding="UTF-8"?>
<testng-results skipped="0" failed="0" ignored="0" total="1" passed="1">
  <reporter-output>
  </reporter-output>
  <suite name="Suite" duration-ms="14892" started-at="2022-07-15T10:42:40 IST" finished-at="2022-07-15T10:42:55 IST">
    <groups>
    </groups>
    <test name="Test" duration-ms="14892" started-at="2022-07-15T10:42:40 IST" finished-at="2022-07-15T10:42:55 IST">
      <class name="pageobjectmodel.testcase">
        <test-method status="PASS" signature="setup()[pri:0, instance:pageobjectmodel.testcase@19651f3]" name="setup" is-config="true" duration-ms="9114" started-at="2022-07-15T10:42:40 IST" finished-at="2022-07-15T10:42:49 IST">
          <reporter-output>
          </reporter-output>
        </test-method> <!-- setup -->
        <test-method status="PASS" signature="HRMloginTest()[pri:0, instance:pageobjectmodel.testcase@19651f3]" name="HRMloginTest" duration-ms="5526" started-at="2022-07-15T10:42:50 IST" finished-at="2022-07-15T10:42:55 IST">
          <reporter-output>
          </reporter-output>
        </test-method> <!-- HRMloginTest -->
        <test-method status="PASS" signature="teardown()[pri:0, instance:pageobjectmodel.testcase@19651f3]" name="teardown" is-config="true" duration-ms="180" started-at="2022-07-15T10:42:55 IST" finished-at="2022-07-15T10:42:55 IST">
          <reporter-output>
          </reporter-output>
        </test-method> <!-- teardown -->
      </class> <!-- pageobjectmodel.testcase -->
    </test> <!-- Test -->
  </suite> <!-- Suite -->
</testng-results>
