<?xml version="1.0" encoding="UTF-8"?>
<testng-results ignored="0" total="1" passed="1" failed="0" skipped="0">
  <reporter-output>
  </reporter-output>
  <suite started-at="2022-07-13T11:07:35 IST" name="Default suite" finished-at="2022-07-13T11:07:48 IST" duration-ms="12561">
    <groups>
    </groups>
    <test started-at="2022-07-13T11:07:35 IST" name="Default test" finished-at="2022-07-13T11:07:48 IST" duration-ms="12561">
      <class name="HeadlessModeExample.amazon">
        <test-method is-config="true" signature="setup()[pri:0, instance:HeadlessModeExample.amazon@3e11f9e9]" started-at="2022-07-13T11:07:35 IST" name="setup" finished-at="2022-07-13T11:07:38 IST" duration-ms="2589" status="PASS">
          <reporter-output>
          </reporter-output>
        </test-method> <!-- setup -->
        <test-method signature="searchTest()[pri:0, instance:HeadlessModeExample.amazon@3e11f9e9]" started-at="2022-07-13T11:07:38 IST" name="searchTest" finished-at="2022-07-13T11:07:43 IST" duration-ms="5737" status="PASS">
          <reporter-output>
          </reporter-output>
        </test-method> <!-- searchTest -->
        <test-method is-config="true" signature="teardown()[pri:0, instance:HeadlessModeExample.amazon@3e11f9e9]" started-at="2022-07-13T11:07:43 IST" name="teardown" finished-at="2022-07-13T11:07:48 IST" duration-ms="4198" status="PASS">
          <reporter-output>
          </reporter-output>
        </test-method> <!-- teardown -->
      </class> <!-- HeadlessModeExample.amazon -->
    </test> <!-- Default test -->
  </suite> <!-- Default suite -->
</testng-results>
