<?xml version="1.0" encoding="UTF-8"?>
<!-- Generated by org.testng.reporters.JUnitXMLReporter -->
<testsuite ignored="0" hostname="DESKTOP-TU77OIH" failures="0" tests="4" name="Test" time="13.543" errors="0" timestamp="2022-07-13T10:35:21 IST">
  <testcase classname="dataproviderExample.dataproviderclass" name="verifydataprovider" time="1.742"/>
  <testcase classname="dataproviderExample.dataproviderclass" name="verifydataprovider" time="1.371"/>
  <testcase classname="dataproviderExample.dataproviderclass" name="verifydataprovider" time="1.417"/>
  <testcase classname="dataproviderExample.dataproviderclass" name="verifydataprovider" time="1.41"/>
</testsuite> <!-- Test -->
